This is pdfTeX, Version 3.141592653-2.6-1.40.24 (TeX Live 2022) (preloaded format=pdflatex 2022.4.21)  30 OCT 2022 12:00
entering extended mode
 restricted \write18 enabled.
 file:line:error style messages enabled.
 %&-line parsing enabled.
**"/Users/andrea/Desktop/Polimi/Topologia Algebrica/Appunti/latex.tex"
(/Users/andrea/Desktop/Polimi/Topologia Algebrica/Appunti/latex.tex
LaTeX2e <2021-11-15> patch level 1
L3 programming layer <2022-02-24> (/usr/local/texlive/2022/texmf-dist/tex/latex/base/report.cls
Document Class: report 2021/10/04 v1.4n Standard LaTeX document class
(/usr/local/texlive/2022/texmf-dist/tex/latex/base/size10.clo
File: size10.clo 2021/10/04 v1.4n Standard LaTeX file (size option)
)
\c@part=\count185
\c@chapter=\count186
\c@section=\count187
\c@subsection=\count188
\c@subsubsection=\count189
\c@paragraph=\count190
\c@subparagraph=\count191
\c@figure=\count192
\c@table=\count193
\abovecaptionskip=\skip47
\belowcaptionskip=\skip48
\bibindent=\dimen138
) (/usr/local/texlive/2022/texmf-dist/tex/latex/amsmath/amsmath.sty
Package: amsmath 2021/10/15 v2.17l AMS math features
\@mathmargin=\skip49

For additional information on amsmath, use the `?' option.
(/usr/local/texlive/2022/texmf-dist/tex/latex/amsmath/amstext.sty
Package: amstext 2021/08/26 v2.01 AMS text
 (/usr/local/texlive/2022/texmf-dist/tex/latex/amsmath/amsgen.sty
File: amsgen.sty 1999/11/30 v2.0 generic functions
\@emptytoks=\toks16
\ex@=\dimen139
)) (/usr/local/texlive/2022/texmf-dist/tex/latex/amsmath/amsbsy.sty
Package: amsbsy 1999/11/29 v1.2d Bold Symbols
\pmbraise@=\dimen140
) (/usr/local/texlive/2022/texmf-dist/tex/latex/amsmath/amsopn.sty
Package: amsopn 2021/08/26 v2.02 operator names
)
\inf@bad=\count194
LaTeX Info: Redefining \frac on input line 234.
\uproot@=\count195
\leftroot@=\count196
LaTeX Info: Redefining \overline on input line 399.
\classnum@=\count197
\DOTSCASE@=\count198
LaTeX Info: Redefining \ldots on input line 496.
LaTeX Info: Redefining \dots on input line 499.
LaTeX Info: Redefining \cdots on input line 620.
\Mathstrutbox@=\box50
\strutbox@=\box51
\big@size=\dimen141
LaTeX Font Info:    Redeclaring font encoding OML on input line 743.
LaTeX Font Info:    Redeclaring font encoding OMS on input line 744.
\macc@depth=\count199
\c@MaxMatrixCols=\count266
\dotsspace@=\muskip16
\c@parentequation=\count267
\dspbrk@lvl=\count268
\tag@help=\toks17
\row@=\count269
\column@=\count270
\maxfields@=\count271
\andhelp@=\toks18
\eqnshift@=\dimen142
\alignsep@=\dimen143
\tagshift@=\dimen144
\tagwidth@=\dimen145
\totwidth@=\dimen146
\lineht@=\dimen147
\@envbody=\toks19
\multlinegap=\skip50
\multlinetaggap=\skip51
\mathdisplay@stack=\toks20
LaTeX Info: Redefining \[ on input line 2938.
LaTeX Info: Redefining \] on input line 2939.
) (/usr/local/texlive/2022/texmf-dist/tex/latex/amsfonts/amssymb.sty
Package: amssymb 2013/01/14 v3.01 AMS font symbols
 (/usr/local/texlive/2022/texmf-dist/tex/latex/amsfonts/amsfonts.sty
Package: amsfonts 2013/01/14 v3.01 Basic AMSFonts support
\symAMSa=\mathgroup4
\symAMSb=\mathgroup5
LaTeX Font Info:    Redeclaring math symbol \hbar on input line 98.
LaTeX Font Info:    Overwriting math alphabet `\mathfrak' in version `bold'
(Font)                  U/euf/m/n --> U/euf/b/n on input line 106.
)) (/usr/local/texlive/2022/texmf-dist/tex/latex/amscls/amsthm.sty
Package: amsthm 2020/05/29 v2.20.6
\thm@style=\toks21
\thm@bodyfont=\toks22
\thm@headfont=\toks23
\thm@notefont=\toks24
\thm@headpunct=\toks25
\thm@preskip=\skip52
\thm@postskip=\skip53
\thm@headsep=\skip54
\dth@everypar=\toks26
) (/usr/local/texlive/2022/texmf-dist/tex/latex/mathtools/mathtools.sty
Package: mathtools 2022/02/07 v1.28a mathematical typesetting tools
 (/usr/local/texlive/2022/texmf-dist/tex/latex/graphics/keyval.sty
Package: keyval 2014/10/28 v1.15 key=value parser (DPC)
\KV@toks@=\toks27
) (/usr/local/texlive/2022/texmf-dist/tex/latex/tools/calc.sty
Package: calc 2017/05/25 v4.3 Infix arithmetic (KKT,FJ)
\calc@Acount=\count272
\calc@Bcount=\count273
\calc@Adimen=\dimen148
\calc@Bdimen=\dimen149
\calc@Askip=\skip55
\calc@Bskip=\skip56
LaTeX Info: Redefining \setlength on input line 80.
LaTeX Info: Redefining \addtolength on input line 81.
\calc@Ccount=\count274
\calc@Cskip=\skip57
) (/usr/local/texlive/2022/texmf-dist/tex/latex/mathtools/mhsetup.sty
Package: mhsetup 2021/03/18 v1.4 programming setup (MH)
)
\g_MT_multlinerow_int=\count275
\l_MT_multwidth_dim=\dimen150
\origjot=\skip58
\l_MT_shortvdotswithinadjustabove_dim=\dimen151
\l_MT_shortvdotswithinadjustbelow_dim=\dimen152
\l_MT_above_intertext_sep=\dimen153
\l_MT_below_intertext_sep=\dimen154
\l_MT_above_shortintertext_sep=\dimen155
\l_MT_below_shortintertext_sep=\dimen156
\xmathstrut@box=\box52
\xmathstrut@dim=\dimen157
) (/usr/local/texlive/2022/texmf-dist/tex/latex/pgf/frontendlayer/tikz.sty (/usr/local/texlive/2022/texmf-dist/tex/latex/pgf/basiclayer/pgf.sty (/usr/local/texlive/2022/texmf-dist/tex/latex/pgf/utilities/pgfrcs.sty (/usr/local/texlive/2022/texmf-dist/tex/generic/pgf/utilities/pgfutil-common.tex
\pgfutil@everybye=\toks28
\pgfutil@tempdima=\dimen158
\pgfutil@tempdimb=\dimen159
 (/usr/local/texlive/2022/texmf-dist/tex/generic/pgf/utilities/pgfutil-common-lists.tex)) (/usr/local/texlive/2022/texmf-dist/tex/generic/pgf/utilities/pgfutil-latex.def
\pgfutil@abb=\box53
) (/usr/local/texlive/2022/texmf-dist/tex/generic/pgf/utilities/pgfrcs.code.tex (/usr/local/texlive/2022/texmf-dist/tex/generic/pgf/pgf.revision.tex)
Package: pgfrcs 2021/05/15 v3.1.9a (3.1.9a)
))
Package: pgf 2021/05/15 v3.1.9a (3.1.9a)
 (/usr/local/texlive/2022/texmf-dist/tex/latex/pgf/basiclayer/pgfcore.sty (/usr/local/texlive/2022/texmf-dist/tex/latex/graphics/graphicx.sty
Package: graphicx 2021/09/16 v1.2d Enhanced LaTeX Graphics (DPC,SPQR)
 (/usr/local/texlive/2022/texmf-dist/tex/latex/graphics/graphics.sty
Package: graphics 2021/03/04 v1.4d Standard LaTeX Graphics (DPC,SPQR)
 (/usr/local/texlive/2022/texmf-dist/tex/latex/graphics/trig.sty
Package: trig 2021/08/11 v1.11 sin cos tan (DPC)
) (/usr/local/texlive/2022/texmf-dist/tex/latex/graphics-cfg/graphics.cfg
File: graphics.cfg 2016/06/04 v1.11 sample graphics configuration
)
Package graphics Info: Driver file: pdftex.def on input line 107.
 (/usr/local/texlive/2022/texmf-dist/tex/latex/graphics-def/pdftex.def
File: pdftex.def 2020/10/05 v1.2a Graphics/color driver for pdftex
))
\Gin@req@height=\dimen160
\Gin@req@width=\dimen161
) (/usr/local/texlive/2022/texmf-dist/tex/latex/pgf/systemlayer/pgfsys.sty (/usr/local/texlive/2022/texmf-dist/tex/generic/pgf/systemlayer/pgfsys.code.tex
Package: pgfsys 2021/05/15 v3.1.9a (3.1.9a)
 (/usr/local/texlive/2022/texmf-dist/tex/generic/pgf/utilities/pgfkeys.code.tex
\pgfkeys@pathtoks=\toks29
\pgfkeys@temptoks=\toks30
 (/usr/local/texlive/2022/texmf-dist/tex/generic/pgf/utilities/pgfkeysfiltered.code.tex
\pgfkeys@tmptoks=\toks31
))
\pgf@x=\dimen162
\pgf@y=\dimen163
\pgf@xa=\dimen164
\pgf@ya=\dimen165
\pgf@xb=\dimen166
\pgf@yb=\dimen167
\pgf@xc=\dimen168
\pgf@yc=\dimen169
\pgf@xd=\dimen170
\pgf@yd=\dimen171
\w@pgf@writea=\write3
\r@pgf@reada=\read2
\c@pgf@counta=\count276
\c@pgf@countb=\count277
\c@pgf@countc=\count278
\c@pgf@countd=\count279
\t@pgf@toka=\toks32
\t@pgf@tokb=\toks33
\t@pgf@tokc=\toks34
\pgf@sys@id@count=\count280
 (/usr/local/texlive/2022/texmf-dist/tex/generic/pgf/systemlayer/pgf.cfg
File: pgf.cfg 2021/05/15 v3.1.9a (3.1.9a)
)
Driver file for pgf: pgfsys-pdftex.def
 (/usr/local/texlive/2022/texmf-dist/tex/generic/pgf/systemlayer/pgfsys-pdftex.def
File: pgfsys-pdftex.def 2021/05/15 v3.1.9a (3.1.9a)
 (/usr/local/texlive/2022/texmf-dist/tex/generic/pgf/systemlayer/pgfsys-common-pdf.def
File: pgfsys-common-pdf.def 2021/05/15 v3.1.9a (3.1.9a)
))) (/usr/local/texlive/2022/texmf-dist/tex/generic/pgf/systemlayer/pgfsyssoftpath.code.tex
File: pgfsyssoftpath.code.tex 2021/05/15 v3.1.9a (3.1.9a)
\pgfsyssoftpath@smallbuffer@items=\count281
\pgfsyssoftpath@bigbuffer@items=\count282
) (/usr/local/texlive/2022/texmf-dist/tex/generic/pgf/systemlayer/pgfsysprotocol.code.tex
File: pgfsysprotocol.code.tex 2021/05/15 v3.1.9a (3.1.9a)
)) (/usr/local/texlive/2022/texmf-dist/tex/latex/xcolor/xcolor.sty
Package: xcolor 2021/10/31 v2.13 LaTeX color extensions (UK)
 (/usr/local/texlive/2022/texmf-dist/tex/latex/graphics-cfg/color.cfg
File: color.cfg 2016/01/02 v1.6 sample color configuration
)
Package xcolor Info: Driver file: pdftex.def on input line 227.
Package xcolor Info: Model `cmy' substituted by `cmy0' on input line 1352.
Package xcolor Info: Model `hsb' substituted by `rgb' on input line 1356.
Package xcolor Info: Model `RGB' extended on input line 1368.
Package xcolor Info: Model `HTML' substituted by `rgb' on input line 1370.
Package xcolor Info: Model `Hsb' substituted by `hsb' on input line 1371.
Package xcolor Info: Model `tHsb' substituted by `hsb' on input line 1372.
Package xcolor Info: Model `HSB' substituted by `hsb' on input line 1373.
Package xcolor Info: Model `Gray' substituted by `gray' on input line 1374.
Package xcolor Info: Model `wave' substituted by `hsb' on input line 1375.
) (/usr/local/texlive/2022/texmf-dist/tex/generic/pgf/basiclayer/pgfcore.code.tex
Package: pgfcore 2021/05/15 v3.1.9a (3.1.9a)
 (/usr/local/texlive/2022/texmf-dist/tex/generic/pgf/math/pgfmath.code.tex (/usr/local/texlive/2022/texmf-dist/tex/generic/pgf/math/pgfmathcalc.code.tex (/usr/local/texlive/2022/texmf-dist/tex/generic/pgf/math/pgfmathutil.code.tex) (/usr/local/texlive/2022/texmf-dist/tex/generic/pgf/math/pgfmathparser.code.tex
\pgfmath@dimen=\dimen172
\pgfmath@count=\count283
\pgfmath@box=\box54
\pgfmath@toks=\toks35
\pgfmath@stack@operand=\toks36
\pgfmath@stack@operation=\toks37
) (/usr/local/texlive/2022/texmf-dist/tex/generic/pgf/math/pgfmathfunctions.code.tex (/usr/local/texlive/2022/texmf-dist/tex/generic/pgf/math/pgfmathfunctions.basic.code.tex) (/usr/local/texlive/2022/texmf-dist/tex/generic/pgf/math/pgfmathfunctions.trigonometric.code.tex) (/usr/local/texlive/2022/texmf-dist/tex/generic/pgf/math/pgfmathfunctions.random.code.tex) (/usr/local/texlive/2022/texmf-dist/tex/generic/pgf/math/pgfmathfunctions.comparison.code.tex) (/usr/local/texlive/2022/texmf-dist/tex/generic/pgf/math/pgfmathfunctions.base.code.tex) (/usr/local/texlive/2022/texmf-dist/tex/generic/pgf/math/pgfmathfunctions.round.code.tex) (/usr/local/texlive/2022/texmf-dist/tex/generic/pgf/math/pgfmathfunctions.misc.code.tex) (/usr/local/texlive/2022/texmf-dist/tex/generic/pgf/math/pgfmathfunctions.integerarithmetics.code.tex))) (/usr/local/texlive/2022/texmf-dist/tex/generic/pgf/math/pgfmathfloat.code.tex
\c@pgfmathroundto@lastzeros=\count284
)) (/usr/local/texlive/2022/texmf-dist/tex/generic/pgf/math/pgfint.code.tex) (/usr/local/texlive/2022/texmf-dist/tex/generic/pgf/basiclayer/pgfcorepoints.code.tex
File: pgfcorepoints.code.tex 2021/05/15 v3.1.9a (3.1.9a)
\pgf@picminx=\dimen173
\pgf@picmaxx=\dimen174
\pgf@picminy=\dimen175
\pgf@picmaxy=\dimen176
\pgf@pathminx=\dimen177
\pgf@pathmaxx=\dimen178
\pgf@pathminy=\dimen179
\pgf@pathmaxy=\dimen180
\pgf@xx=\dimen181
\pgf@xy=\dimen182
\pgf@yx=\dimen183
\pgf@yy=\dimen184
\pgf@zx=\dimen185
\pgf@zy=\dimen186
) (/usr/local/texlive/2022/texmf-dist/tex/generic/pgf/basiclayer/pgfcorepathconstruct.code.tex
File: pgfcorepathconstruct.code.tex 2021/05/15 v3.1.9a (3.1.9a)
\pgf@path@lastx=\dimen187
\pgf@path@lasty=\dimen188
) (/usr/local/texlive/2022/texmf-dist/tex/generic/pgf/basiclayer/pgfcorepathusage.code.tex
File: pgfcorepathusage.code.tex 2021/05/15 v3.1.9a (3.1.9a)
\pgf@shorten@end@additional=\dimen189
\pgf@shorten@start@additional=\dimen190
) (/usr/local/texlive/2022/texmf-dist/tex/generic/pgf/basiclayer/pgfcorescopes.code.tex
File: pgfcorescopes.code.tex 2021/05/15 v3.1.9a (3.1.9a)
\pgfpic=\box55
\pgf@hbox=\box56
\pgf@layerbox@main=\box57
\pgf@picture@serial@count=\count285
) (/usr/local/texlive/2022/texmf-dist/tex/generic/pgf/basiclayer/pgfcoregraphicstate.code.tex
File: pgfcoregraphicstate.code.tex 2021/05/15 v3.1.9a (3.1.9a)
\pgflinewidth=\dimen191
) (/usr/local/texlive/2022/texmf-dist/tex/generic/pgf/basiclayer/pgfcoretransformations.code.tex
File: pgfcoretransformations.code.tex 2021/05/15 v3.1.9a (3.1.9a)
\pgf@pt@x=\dimen192
\pgf@pt@y=\dimen193
\pgf@pt@temp=\dimen194
) (/usr/local/texlive/2022/texmf-dist/tex/generic/pgf/basiclayer/pgfcorequick.code.tex
File: pgfcorequick.code.tex 2021/05/15 v3.1.9a (3.1.9a)
) (/usr/local/texlive/2022/texmf-dist/tex/generic/pgf/basiclayer/pgfcoreobjects.code.tex
File: pgfcoreobjects.code.tex 2021/05/15 v3.1.9a (3.1.9a)
) (/usr/local/texlive/2022/texmf-dist/tex/generic/pgf/basiclayer/pgfcorepathprocessing.code.tex
File: pgfcorepathprocessing.code.tex 2021/05/15 v3.1.9a (3.1.9a)
) (/usr/local/texlive/2022/texmf-dist/tex/generic/pgf/basiclayer/pgfcorearrows.code.tex
File: pgfcorearrows.code.tex 2021/05/15 v3.1.9a (3.1.9a)
\pgfarrowsep=\dimen195
) (/usr/local/texlive/2022/texmf-dist/tex/generic/pgf/basiclayer/pgfcoreshade.code.tex
File: pgfcoreshade.code.tex 2021/05/15 v3.1.9a (3.1.9a)
\pgf@max=\dimen196
\pgf@sys@shading@range@num=\count286
\pgf@shadingcount=\count287
) (/usr/local/texlive/2022/texmf-dist/tex/generic/pgf/basiclayer/pgfcoreimage.code.tex
File: pgfcoreimage.code.tex 2021/05/15 v3.1.9a (3.1.9a)
 (/usr/local/texlive/2022/texmf-dist/tex/generic/pgf/basiclayer/pgfcoreexternal.code.tex
File: pgfcoreexternal.code.tex 2021/05/15 v3.1.9a (3.1.9a)
\pgfexternal@startupbox=\box58
)) (/usr/local/texlive/2022/texmf-dist/tex/generic/pgf/basiclayer/pgfcorelayers.code.tex
File: pgfcorelayers.code.tex 2021/05/15 v3.1.9a (3.1.9a)
) (/usr/local/texlive/2022/texmf-dist/tex/generic/pgf/basiclayer/pgfcoretransparency.code.tex
File: pgfcoretransparency.code.tex 2021/05/15 v3.1.9a (3.1.9a)
) (/usr/local/texlive/2022/texmf-dist/tex/generic/pgf/basiclayer/pgfcorepatterns.code.tex
File: pgfcorepatterns.code.tex 2021/05/15 v3.1.9a (3.1.9a)
) (/usr/local/texlive/2022/texmf-dist/tex/generic/pgf/basiclayer/pgfcorerdf.code.tex
File: pgfcorerdf.code.tex 2021/05/15 v3.1.9a (3.1.9a)
))) (/usr/local/texlive/2022/texmf-dist/tex/generic/pgf/modules/pgfmoduleshapes.code.tex
File: pgfmoduleshapes.code.tex 2021/05/15 v3.1.9a (3.1.9a)
\pgfnodeparttextbox=\box59
) (/usr/local/texlive/2022/texmf-dist/tex/generic/pgf/modules/pgfmoduleplot.code.tex
File: pgfmoduleplot.code.tex 2021/05/15 v3.1.9a (3.1.9a)
) (/usr/local/texlive/2022/texmf-dist/tex/latex/pgf/compatibility/pgfcomp-version-0-65.sty
Package: pgfcomp-version-0-65 2021/05/15 v3.1.9a (3.1.9a)
\pgf@nodesepstart=\dimen197
\pgf@nodesepend=\dimen198
) (/usr/local/texlive/2022/texmf-dist/tex/latex/pgf/compatibility/pgfcomp-version-1-18.sty
Package: pgfcomp-version-1-18 2021/05/15 v3.1.9a (3.1.9a)
)) (/usr/local/texlive/2022/texmf-dist/tex/latex/pgf/utilities/pgffor.sty (/usr/local/texlive/2022/texmf-dist/tex/latex/pgf/utilities/pgfkeys.sty (/usr/local/texlive/2022/texmf-dist/tex/generic/pgf/utilities/pgfkeys.code.tex)) (/usr/local/texlive/2022/texmf-dist/tex/latex/pgf/math/pgfmath.sty (/usr/local/texlive/2022/texmf-dist/tex/generic/pgf/math/pgfmath.code.tex)) (/usr/local/texlive/2022/texmf-dist/tex/generic/pgf/utilities/pgffor.code.tex
Package: pgffor 2021/05/15 v3.1.9a (3.1.9a)
 (/usr/local/texlive/2022/texmf-dist/tex/generic/pgf/math/pgfmath.code.tex)
\pgffor@iter=\dimen199
\pgffor@skip=\dimen256
\pgffor@stack=\toks38
\pgffor@toks=\toks39
)) (/usr/local/texlive/2022/texmf-dist/tex/generic/pgf/frontendlayer/tikz/tikz.code.tex
Package: tikz 2021/05/15 v3.1.9a (3.1.9a)
 (/usr/local/texlive/2022/texmf-dist/tex/generic/pgf/libraries/pgflibraryplothandlers.code.tex
File: pgflibraryplothandlers.code.tex 2021/05/15 v3.1.9a (3.1.9a)
\pgf@plot@mark@count=\count288
\pgfplotmarksize=\dimen257
)
\tikz@lastx=\dimen258
\tikz@lasty=\dimen259
\tikz@lastxsaved=\dimen260
\tikz@lastysaved=\dimen261
\tikz@lastmovetox=\dimen262
\tikz@lastmovetoy=\dimen263
\tikzleveldistance=\dimen264
\tikzsiblingdistance=\dimen265
\tikz@figbox=\box60
\tikz@figbox@bg=\box61
\tikz@tempbox=\box62
\tikz@tempbox@bg=\box63
\tikztreelevel=\count289
\tikznumberofchildren=\count290
\tikznumberofcurrentchild=\count291
\tikz@fig@count=\count292
 (/usr/local/texlive/2022/texmf-dist/tex/generic/pgf/modules/pgfmodulematrix.code.tex
File: pgfmodulematrix.code.tex 2021/05/15 v3.1.9a (3.1.9a)
\pgfmatrixcurrentrow=\count293
\pgfmatrixcurrentcolumn=\count294
\pgf@matrix@numberofcolumns=\count295
)
\tikz@expandcount=\count296
 (/usr/local/texlive/2022/texmf-dist/tex/generic/pgf/frontendlayer/tikz/libraries/tikzlibrarytopaths.code.tex
File: tikzlibrarytopaths.code.tex 2021/05/15 v3.1.9a (3.1.9a)
))) (/usr/local/texlive/texmf-local/tex/latex/local/quiver.sty
Package: quiver 2021/01/11 quiver
 (/usr/local/texlive/2022/texmf-dist/tex/latex/tikz-cd/tikz-cd.sty
Package: tikz-cd 2021/05/04 v1.0 Commutative diagrams with TikZ
 (/usr/local/texlive/2022/texmf-dist/tex/generic/tikz-cd/tikzlibrarycd.code.tex (/usr/local/texlive/2022/texmf-dist/tex/generic/pgf/frontendlayer/tikz/libraries/tikzlibrarymatrix.code.tex
File: tikzlibrarymatrix.code.tex 2021/05/15 v3.1.9a (3.1.9a)
) (/usr/local/texlive/2022/texmf-dist/tex/generic/pgf/frontendlayer/tikz/libraries/tikzlibraryquotes.code.tex
File: tikzlibraryquotes.code.tex 2021/05/15 v3.1.9a (3.1.9a)
) (/usr/local/texlive/2022/texmf-dist/tex/generic/pgf/libraries/pgflibraryarrows.meta.code.tex
File: pgflibraryarrows.meta.code.tex 2021/05/15 v3.1.9a (3.1.9a)
\pgfarrowinset=\dimen266
\pgfarrowlength=\dimen267
\pgfarrowwidth=\dimen268
\pgfarrowlinewidth=\dimen269
))) (/usr/local/texlive/2022/texmf-dist/tex/generic/pgf/frontendlayer/tikz/libraries/tikzlibrarycalc.code.tex
File: tikzlibrarycalc.code.tex 2021/05/15 v3.1.9a (3.1.9a)
) (/usr/local/texlive/2022/texmf-dist/tex/generic/pgf/frontendlayer/tikz/libraries/tikzlibrarydecorations.pathmorphing.code.tex (/usr/local/texlive/2022/texmf-dist/tex/generic/pgf/frontendlayer/tikz/libraries/tikzlibrarydecorations.code.tex (/usr/local/texlive/2022/texmf-dist/tex/generic/pgf/modules/pgfmoduledecorations.code.tex
\pgfdecoratedcompleteddistance=\dimen270
\pgfdecoratedremainingdistance=\dimen271
\pgfdecoratedinputsegmentcompleteddistance=\dimen272
\pgfdecoratedinputsegmentremainingdistance=\dimen273
\pgf@decorate@distancetomove=\dimen274
\pgf@decorate@repeatstate=\count297
\pgfdecorationsegmentamplitude=\dimen275
\pgfdecorationsegmentlength=\dimen276
)
\tikz@lib@dec@box=\box64
) (/usr/local/texlive/2022/texmf-dist/tex/generic/pgf/libraries/decorations/pgflibrarydecorations.pathmorphing.code.tex))) (/usr/local/texlive/2022/texmf-dist/tex/latex/float/float.sty
Package: float 2001/11/08 v1.3d Float enhancements (AL)
\c@float@type=\count298
\float@exts=\toks40
\float@box=\box65
\@float@everytoks=\toks41
\@floatcapt=\box66
) (/usr/local/texlive/2022/texmf-dist/tex/latex/caption/subcaption.sty
Package: subcaption 2022/01/07 v1.5 Sub-captions (AR)
 (/usr/local/texlive/2022/texmf-dist/tex/latex/caption/caption.sty
Package: caption 2022/03/01 v3.6b Customizing captions (AR)
 (/usr/local/texlive/2022/texmf-dist/tex/latex/caption/caption3.sty
Package: caption3 2022/03/17 v2.3b caption3 kernel (AR)
\caption@tempdima=\dimen277
\captionmargin=\dimen278
\caption@leftmargin=\dimen279
\caption@rightmargin=\dimen280
\caption@width=\dimen281
\caption@indent=\dimen282
\caption@parindent=\dimen283
\caption@hangindent=\dimen284
Package caption Info: Standard document class detected.
)
\c@caption@flags=\count299
\c@continuedfloat=\count300
Package caption Info: float package is loaded.
)
\c@subfigure=\count301
\c@subtable=\count302
) (/usr/local/texlive/2022/texmf-dist/tex/latex/imakeidx/imakeidx.sty
Package: imakeidx 2016/10/15 v1.3e Package for typesetting indices in a synchronous mode
 (/usr/local/texlive/2022/texmf-dist/tex/latex/xkeyval/xkeyval.sty
Package: xkeyval 2020/11/20 v2.8 package option processing (HA)
 (/usr/local/texlive/2022/texmf-dist/tex/generic/xkeyval/xkeyval.tex (/usr/local/texlive/2022/texmf-dist/tex/generic/xkeyval/xkvutils.tex
\XKV@toks=\toks42
\XKV@tempa@toks=\toks43
)
\XKV@depth=\count303
File: xkeyval.tex 2014/12/03 v2.7a key=value parser (HA)
)) (/usr/local/texlive/2022/texmf-dist/tex/generic/iftex/ifxetex.sty
Package: ifxetex 2019/10/25 v0.7 ifxetex legacy package. Use iftex instead.
 (/usr/local/texlive/2022/texmf-dist/tex/generic/iftex/iftex.sty
Package: iftex 2022/02/03 v1.0f TeX engine tests
)) (/usr/local/texlive/2022/texmf-dist/tex/generic/iftex/ifluatex.sty
Package: ifluatex 2019/10/25 v1.5 ifluatex legacy package. Use iftex instead.
) (/usr/local/texlive/2022/texmf-dist/tex/latex/tools/multicol.sty
Package: multicol 2021/10/28 v1.9b multicolumn formatting (FMi)
\c@tracingmulticols=\count304
\mult@box=\box67
\multicol@leftmargin=\dimen285
\c@unbalance=\count305
\c@collectmore=\count306
\doublecol@number=\count307
\multicoltolerance=\count308
\multicolpretolerance=\count309
\full@width=\dimen286
\page@free=\dimen287
\premulticols=\dimen288
\postmulticols=\dimen289
\multicolsep=\skip59
\multicolbaselineskip=\skip60
\partial@page=\box68
\last@line=\box69
\maxbalancingoverflow=\dimen290
\mult@rightbox=\box70
\mult@grightbox=\box71
\mult@firstbox=\box72
\mult@gfirstbox=\box73
\@tempa=\box74
\@tempa=\box75
\@tempa=\box76
\@tempa=\box77
\@tempa=\box78
\@tempa=\box79
\@tempa=\box80
\@tempa=\box81
\@tempa=\box82
\@tempa=\box83
\@tempa=\box84
\@tempa=\box85
\@tempa=\box86
\@tempa=\box87
\@tempa=\box88
\@tempa=\box89
\@tempa=\box90
\@tempa=\box91
\@tempa=\box92
\@tempa=\box93
\@tempa=\box94
\@tempa=\box95
\@tempa=\box96
\@tempa=\box97
\@tempa=\box98
\@tempa=\box99
\@tempa=\box100
\@tempa=\box101
\@tempa=\box102
\@tempa=\box103
\@tempa=\box104
\@tempa=\box105
\@tempa=\box106
\@tempa=\box107
\@tempa=\box108
\@tempa=\box109
\c@minrows=\count310
\c@columnbadness=\count311
\c@finalcolumnbadness=\count312
\last@try=\dimen291
\multicolovershoot=\dimen292
\multicolundershoot=\dimen293
\mult@nat@firstbox=\box110
\colbreak@box=\box111
\mc@col@check@num=\count313
)) (/usr/local/texlive/2022/texmf-dist/tex/latex/makecell/makecell.sty
Package: makecell 2009/08/03 V0.1e Managing of Tab Column Heads and Cells
 (/usr/local/texlive/2022/texmf-dist/tex/latex/tools/array.sty
Package: array 2021/10/04 v2.5f Tabular extension package (FMi)
\col@sep=\dimen294
\ar@mcellbox=\box112
\extrarowheight=\dimen295
\NC@list=\toks44
\extratabsurround=\skip61
\backup@length=\skip62
\ar@cellbox=\box113
)
\rotheadsize=\dimen296
\c@nlinenum=\count314
\TeXr@lab=\toks45
) (/usr/local/texlive/2022/texmf-dist/tex/latex/listings/listings.sty
\lst@mode=\count315
\lst@gtempboxa=\box114
\lst@token=\toks46
\lst@length=\count316
\lst@currlwidth=\dimen297
\lst@column=\count317
\lst@pos=\count318
\lst@lostspace=\dimen298
\lst@width=\dimen299
\lst@newlines=\count319
\lst@lineno=\count320
\lst@maxwidth=\dimen300
 (/usr/local/texlive/2022/texmf-dist/tex/latex/listings/lstmisc.sty
File: lstmisc.sty 2020/03/24 1.8d (Carsten Heinz)
\c@lstnumber=\count321
\lst@skipnumbers=\count322
\lst@framebox=\box115
) (/usr/local/texlive/2022/texmf-dist/tex/latex/listings/listings.cfg
File: listings.cfg 2020/03/24 1.8d listings configuration
))
Package: listings 2020/03/24 1.8d (Carsten Heinz)
 (/usr/local/texlive/2022/texmf-dist/tex/latex/stackengine/stackengine.sty
Package: stackengine 2021/07/22 v4.11\ Stacking text and objects in convenient ways
 (/usr/local/texlive/2022/texmf-dist/tex/latex/etoolbox/etoolbox.sty
Package: etoolbox 2020/10/05 v2.5k e-TeX tools for LaTeX (JAW)
\etb@tempcnta=\count323
) (/usr/local/texlive/2022/texmf-dist/tex/generic/listofitems/listofitems.sty (/usr/local/texlive/2022/texmf-dist/tex/generic/listofitems/listofitems.tex
\loi_cnt_foreach_nest=\count324
\loi_nestcnt=\count325
)
Package: listofitems 2019/08/21 v1.63 Grab items in lists using user-specified sep char (CT)
)
\c@@stackindex=\count326
\@boxshift=\skip63
\stack@tmplength=\skip64
\temp@stkl=\skip65
\@stackedboxwidth=\skip66
\@addedbox=\box116
\@anchorbox=\box117
\@insetbox=\box118
\se@backgroundbox=\box119
\stackedbox=\box120
\@centerbox=\box121
\c@ROWcellindex@=\count327
) (/usr/local/texlive/2022/texmf-dist/tex/latex/faktor/faktor.sty
Package: faktor 2006/04/05 v0.1b Faktor-Ringe, -Gruppen, -Raeume (PE)
\faktor@zaehlerhoehe=\skip67
\faktor@nennerhoehe=\skip68
) (/usr/local/texlive/2022/texmf-dist/tex/latex/adjustbox/adjustbox.sty
Package: adjustbox 2020/08/19 v1.3 Adjusting TeX boxes (trim, clip, ...)
 (/usr/local/texlive/2022/texmf-dist/tex/latex/adjustbox/adjcalc.sty
Package: adjcalc 2012/05/16 v1.1 Provides advanced setlength with multiple back-ends (calc, etex, pgfmath)
) (/usr/local/texlive/2022/texmf-dist/tex/latex/adjustbox/trimclip.sty
Package: trimclip 2020/08/19 v1.2 Trim and clip general TeX material
 (/usr/local/texlive/2022/texmf-dist/tex/latex/collectbox/collectbox.sty
Package: collectbox 2012/05/17 v0.4b Collect macro arguments as boxes
\collectedbox=\box122
)
\tc@llx=\dimen301
\tc@lly=\dimen302
\tc@urx=\dimen303
\tc@ury=\dimen304
Package trimclip Info: Using driver 'tc-pdftex.def'.
 (/usr/local/texlive/2022/texmf-dist/tex/latex/adjustbox/tc-pdftex.def
File: tc-pdftex.def 2019/01/04 v2.2 Clipping driver for pdftex
))
\adjbox@Width=\dimen305
\adjbox@Height=\dimen306
\adjbox@Depth=\dimen307
\adjbox@Totalheight=\dimen308
\adjbox@pwidth=\dimen309
\adjbox@pheight=\dimen310
\adjbox@pdepth=\dimen311
\adjbox@ptotalheight=\dimen312
 (/usr/local/texlive/2022/texmf-dist/tex/latex/ifoddpage/ifoddpage.sty
Package: ifoddpage 2016/04/23 v1.1 Conditionals for odd/even page detection
\c@checkoddpage=\count328
) (/usr/local/texlive/2022/texmf-dist/tex/latex/varwidth/varwidth.sty
Package: varwidth 2009/03/30 ver 0.92;  Variable-width minipages
\@vwid@box=\box123
\sift@deathcycles=\count329
\@vwid@loff=\dimen313
\@vwid@roff=\dimen314
)) (/usr/local/texlive/2022/texmf-dist/tex/latex/blkarray/blkarray.sty
Package: blkarray 2015/02/27 v0.07 Block array (dpc)
\c@BAenumi=\count330
\BA@col=\count331
\BA@block@cnt=\count332
\BA@final@box=\box124
\BA@first@box=\box125
\BA@colsep=\dimen315
\BA@ftn=\toks47
\BAextrarowheight=\dimen316
\BAextraheightafterhline=\dimen317
\BAarrayrulewidth=\dimen318
\BAdoublerulesep=\dimen319
\BAfootskip=\dimen320
\BA@dashbox=\box126
\BA@ddashbox=\box127
)
(/usr/local/texlive/2022/texmf-dist/tex/latex/multirow/bigstrut.sty
Package: bigstrut 2021/03/15 v2.8 Provide larger struts in tabulars
\bigstrutjot=\dimen321
) (/usr/local/texlive/2022/texmf-dist/tex/latex/cancel/cancel.sty
Package: cancel 2013/04/12 v2.2 Cancel math terms
)
\c@theorem=\count333
\c@proposition=\count334
\c@definition=\count335
\c@corollary=\count336
\c@lemma=\count337
 (/usr/local/texlive/2022/texmf-dist/tex/latex/hyperref/hyperref.sty
Package: hyperref 2022-02-21 v7.00n Hypertext links for LaTeX
 (/usr/local/texlive/2022/texmf-dist/tex/generic/ltxcmds/ltxcmds.sty
Package: ltxcmds 2020-05-10 v1.25 LaTeX kernel commands for general use (HO)
) (/usr/local/texlive/2022/texmf-dist/tex/generic/pdftexcmds/pdftexcmds.sty
Package: pdftexcmds 2020-06-27 v0.33 Utility functions of pdfTeX for LuaTeX (HO)
 (/usr/local/texlive/2022/texmf-dist/tex/generic/infwarerr/infwarerr.sty
Package: infwarerr 2019/12/03 v1.5 Providing info/warning/error messages (HO)
)
Package pdftexcmds Info: \pdf@primitive is available.
Package pdftexcmds Info: \pdf@ifprimitive is available.
Package pdftexcmds Info: \pdfdraftmode found.
) (/usr/local/texlive/2022/texmf-dist/tex/generic/kvsetkeys/kvsetkeys.sty
Package: kvsetkeys 2019/12/15 v1.18 Key value parser (HO)
) (/usr/local/texlive/2022/texmf-dist/tex/generic/kvdefinekeys/kvdefinekeys.sty
Package: kvdefinekeys 2019-12-19 v1.6 Define keys (HO)
) (/usr/local/texlive/2022/texmf-dist/tex/generic/pdfescape/pdfescape.sty
Package: pdfescape 2019/12/09 v1.15 Implements pdfTeX's escape features (HO)
) (/usr/local/texlive/2022/texmf-dist/tex/latex/hycolor/hycolor.sty
Package: hycolor 2020-01-27 v1.10 Color options for hyperref/bookmark (HO)
) (/usr/local/texlive/2022/texmf-dist/tex/latex/letltxmacro/letltxmacro.sty
Package: letltxmacro 2019/12/03 v1.6 Let assignment for LaTeX macros (HO)
) (/usr/local/texlive/2022/texmf-dist/tex/latex/auxhook/auxhook.sty
Package: auxhook 2019-12-17 v1.6 Hooks for auxiliary files (HO)
) (/usr/local/texlive/2022/texmf-dist/tex/latex/kvoptions/kvoptions.sty
Package: kvoptions 2020-10-07 v3.14 Key value format for package options (HO)
)
\@linkdim=\dimen322
\Hy@linkcounter=\count338
\Hy@pagecounter=\count339
 (/usr/local/texlive/2022/texmf-dist/tex/latex/hyperref/pd1enc.def
File: pd1enc.def 2022-02-21 v7.00n Hyperref: PDFDocEncoding definition (HO)
Now handling font encoding PD1 ...
... no UTF-8 mapping file for font encoding PD1
) (/usr/local/texlive/2022/texmf-dist/tex/generic/intcalc/intcalc.sty
Package: intcalc 2019/12/15 v1.3 Expandable calculations with integers (HO)
) (/usr/local/texlive/2022/texmf-dist/tex/generic/etexcmds/etexcmds.sty
Package: etexcmds 2019/12/15 v1.7 Avoid name clashes with e-TeX commands (HO)
)
\Hy@SavedSpaceFactor=\count340
 (/usr/local/texlive/2022/texmf-dist/tex/latex/hyperref/puenc.def
File: puenc.def 2022-02-21 v7.00n Hyperref: PDF Unicode definition (HO)
Now handling font encoding PU ...
... no UTF-8 mapping file for font encoding PU
)
Package hyperref Info: Hyper figures OFF on input line 4137.
Package hyperref Info: Link nesting OFF on input line 4142.
Package hyperref Info: Hyper index ON on input line 4145.
Package hyperref Info: Plain pages OFF on input line 4152.
Package hyperref Info: Backreferencing OFF on input line 4157.
Package hyperref Info: Implicit mode ON; LaTeX internals redefined.
Package hyperref Info: Bookmarks ON on input line 4390.
\c@Hy@tempcnt=\count341
 (/usr/local/texlive/2022/texmf-dist/tex/latex/url/url.sty
\Urlmuskip=\muskip17
Package: url 2013/09/16  ver 3.4  Verb mode for urls, etc.
)
LaTeX Info: Redefining \url on input line 4749.
\XeTeXLinkMargin=\dimen323
 (/usr/local/texlive/2022/texmf-dist/tex/generic/bitset/bitset.sty
Package: bitset 2019/12/09 v1.3 Handle bit-vector datatype (HO)
 (/usr/local/texlive/2022/texmf-dist/tex/generic/bigintcalc/bigintcalc.sty
Package: bigintcalc 2019/12/15 v1.5 Expandable calculations on big integers (HO)
))
\Fld@menulength=\count342
\Field@Width=\dimen324
\Fld@charsize=\dimen325
Package hyperref Info: Hyper figures OFF on input line 6027.
Package hyperref Info: Link nesting OFF on input line 6032.
Package hyperref Info: Hyper index ON on input line 6035.
Package hyperref Info: backreferencing OFF on input line 6042.
Package hyperref Info: Link coloring OFF on input line 6047.
Package hyperref Info: Link coloring with OCG OFF on input line 6052.
Package hyperref Info: PDF/A mode OFF on input line 6057.
LaTeX Info: Redefining \ref on input line 6097.
LaTeX Info: Redefining \pageref on input line 6101.
 (/usr/local/texlive/2022/texmf-dist/tex/latex/base/atbegshi-ltx.sty
Package: atbegshi-ltx 2021/01/10 v1.0c Emulation of the original atbegshi
package with kernel methods
)
\Hy@abspage=\count343
\c@Item=\count344
\c@Hfootnote=\count345
)
Package hyperref Info: Driver (autodetected): hpdftex.
 (/usr/local/texlive/2022/texmf-dist/tex/latex/hyperref/hpdftex.def
File: hpdftex.def 2022-02-21 v7.00n Hyperref driver for pdfTeX
 (/usr/local/texlive/2022/texmf-dist/tex/latex/base/atveryend-ltx.sty
Package: atveryend-ltx 2020/08/19 v1.0a Emulation of the original atveryend package
with kernel methods
)
\Fld@listcount=\count346
\c@bookmark@seq@number=\count347
 (/usr/local/texlive/2022/texmf-dist/tex/latex/rerunfilecheck/rerunfilecheck.sty
Package: rerunfilecheck 2019/12/05 v1.9 Rerun checks for auxiliary files (HO)
 (/usr/local/texlive/2022/texmf-dist/tex/generic/uniquecounter/uniquecounter.sty
Package: uniquecounter 2019/12/15 v1.4 Provide unlimited unique counter (HO)
)
Package uniquecounter Info: New unique counter `rerunfilecheck' on input line 286.
)
\Hy@SectionHShift=\skip69
)
Package hyperref Info: Option `colorlinks' set `true' on input line 31.
 (/usr/local/texlive/2022/texmf-dist/tex/latex/l3backend/l3backend-pdftex.def
File: l3backend-pdftex.def 2022-02-07 L3 backend support: PDF output (pdfTeX)
\l__color_backend_stack_int=\count348
\l__pdf_internal_box=\box128
) (./latex.aux)
\openout1 = `latex.aux'.

LaTeX Font Info:    Checking defaults for OML/cmm/m/it on input line 53.
LaTeX Font Info:    ... okay on input line 53.
LaTeX Font Info:    Checking defaults for OMS/cmsy/m/n on input line 53.
LaTeX Font Info:    ... okay on input line 53.
LaTeX Font Info:    Checking defaults for OT1/cmr/m/n on input line 53.
LaTeX Font Info:    ... okay on input line 53.
LaTeX Font Info:    Checking defaults for T1/cmr/m/n on input line 53.
LaTeX Font Info:    ... okay on input line 53.
LaTeX Font Info:    Checking defaults for TS1/cmr/m/n on input line 53.
LaTeX Font Info:    ... okay on input line 53.
LaTeX Font Info:    Checking defaults for OMX/cmex/m/n on input line 53.
LaTeX Font Info:    ... okay on input line 53.
LaTeX Font Info:    Checking defaults for U/cmr/m/n on input line 53.
LaTeX Font Info:    ... okay on input line 53.
LaTeX Font Info:    Checking defaults for PD1/pdf/m/n on input line 53.
LaTeX Font Info:    ... okay on input line 53.
LaTeX Font Info:    Checking defaults for PU/pdf/m/n on input line 53.
LaTeX Font Info:    ... okay on input line 53.
 (/usr/local/texlive/2022/texmf-dist/tex/context/base/mkii/supp-pdf.mkii
[Loading MPS to PDF converter (version 2006.09.02).]
\scratchcounter=\count349
\scratchdimen=\dimen326
\scratchbox=\box129
\nofMPsegments=\count350
\nofMParguments=\count351
\everyMPshowfont=\toks48
\MPscratchCnt=\count352
\MPscratchDim=\dimen327
\MPnumerator=\count353
\makeMPintoPDFobject=\count354
\everyMPtoPDFconversion=\toks49
) (/usr/local/texlive/2022/texmf-dist/tex/latex/epstopdf-pkg/epstopdf-base.sty
Package: epstopdf-base 2020-01-24 v2.11 Base part for package epstopdf
Package epstopdf-base Info: Redefining graphics rule for `.eps' on input line 485.
 (/usr/local/texlive/2022/texmf-dist/tex/latex/latexconfig/epstopdf-sys.cfg
File: epstopdf-sys.cfg 2010/07/13 v1.3 Configuration of (r)epstopdf for TeX Live
))
Package caption Info: Begin \AtBeginDocument code.
Package caption Info: hyperref package is loaded.
Package caption Info: listings package is loaded.
Package caption Info: End \AtBeginDocument code.
\c@lstlisting=\count355
Package hyperref Info: Link coloring ON on input line 53.
 (/usr/local/texlive/2022/texmf-dist/tex/latex/hyperref/nameref.sty
Package: nameref 2021-04-02 v2.47 Cross-referencing by name of section
 (/usr/local/texlive/2022/texmf-dist/tex/latex/refcount/refcount.sty
Package: refcount 2019/12/15 v3.6 Data extraction from label references (HO)
) (/usr/local/texlive/2022/texmf-dist/tex/generic/gettitlestring/gettitlestring.sty
Package: gettitlestring 2019/12/15 v1.6 Cleanup title references (HO)
)
\c@section@level=\count356
)
LaTeX Info: Redefining \ref on input line 53.
LaTeX Info: Redefining \pageref on input line 53.
LaTeX Info: Redefining \nameref on input line 53.
 (./latex.out) (./latex.out)
\@outlinefile=\write4
\openout4 = `latex.out'.

 [1

{/usr/local/texlive/2022/texmf-var/fonts/map/pdftex/updmap/pdftex.map}] (./latex.toc
LaTeX Font Info:    Trying to load font information for U+msa on input line 3.
 (/usr/local/texlive/2022/texmf-dist/tex/latex/amsfonts/umsa.fd
File: umsa.fd 2013/01/14 v3.01 AMS symbols A
)
LaTeX Font Info:    Trying to load font information for U+msb on input line 3.
 (/usr/local/texlive/2022/texmf-dist/tex/latex/amsfonts/umsb.fd
File: umsb.fd 2013/01/14 v3.01 AMS symbols B
)
pdfTeX warning (ext4): destination with the same identifier (name{page.1}) has been already used, duplicate ignored
<to be read again> 
                   \relax 
l.101 ...essi simpliciali astratti}{49}{chapter.9}
                                                  % [1

])
\tf@toc=\write5
\openout5 = `latex.toc'.

 [2] [3

]
Chapter 1.

Overfull \hbox (2.56548pt too wide) in paragraph at lines 88--89
 []\OT1/cmr/bx/n/10 Osservazione[] \OT1/cmr/m/n/10 Un anello com-mu-ta-tivo con iden-tit^^Ra ^^Re "quasi" un campo (manca
 []

[4

] [5] [6]
Underfull \hbox (badness 10000) in paragraph at lines 277--278

 []


LaTeX Warning: `h' float specifier changed to `ht'.


LaTeX Warning: `h' float specifier changed to `ht'.

[7] [8] [9] [10] [11] [12]
Chapter 2.

Overfull \hbox (0.57649pt too wide) in paragraph at lines 603--604
 []\OT1/cmr/bx/n/10 Nomenclatura[] \OT1/cmr/m/n/10 Per gli omo-mor-fismi viene uti-liz-zata la seguente nomen-clatura 
 []

[13

] [14] [15]
Chapter 3.

Package hyperref Warning: Token not allowed in a PDF string (Unicode):
(hyperref)                removing `math shift' on input line 726.


Package hyperref Warning: Token not allowed in a PDF string (Unicode):
(hyperref)                removing `math shift' on input line 726.


Package hyperref Warning: Token not allowed in a PDF string (Unicode):
(hyperref)                removing `math shift' on input line 726.


Package hyperref Warning: Token not allowed in a PDF string (Unicode):
(hyperref)                removing `subscript' on input line 726.


Package hyperref Warning: Token not allowed in a PDF string (Unicode):
(hyperref)                removing `math shift' on input line 726.


Overfull \hbox (0.29361pt too wide) in paragraph at lines 751--752
[][]\OT1/cmr/bx/n/10 Definizione 17 \OT1/cmr/m/n/10 (Or-dine di un gruppo ci-clico)\OT1/cmr/bx/n/10 . []\OT1/cmr/m/it/10 Sia $\OML/cmm/m/it/10 G$ \OT1/cmr/m/it/10 un gruppo ci-clico, l'\OT1/cmr/bx/it/10 ordine
 []

[16

] [17]
Chapter 4.

Overfull \hbox (31.69226pt too wide) detected at line 796
\OT1/cmr/m/n/10 (0\OML/cmm/m/it/10 ; [] ; g[]; [] ; g[]; \OT1/cmr/m/n/10 0\OML/cmm/m/it/10 ; [] \OT1/cmr/m/n/10 )\OML/cmm/m/it/10 ; \OT1/cmr/m/n/10 (0\OML/cmm/m/it/10 ; [] ; g[]; [] ; g[]; \OT1/cmr/m/n/10 0\OML/cmm/m/it/10 ; [] \OT1/cmr/m/n/10 ) \OMS/cmsy/m/n/10 7! \OT1/cmr/m/n/10 (0\OML/cmm/m/it/10 ; [] ; g[] \OT1/cmr/m/n/10 +[] \OML/cmm/m/it/10 g[]; [] ; g[] \OT1/cmr/m/n/10 +[] \OML/cmm/m/it/10 g[]; \OT1/cmr/m/n/10 0\OML/cmm/m/it/10 ; [] \OT1/cmr/m/n/10 )
 []

[18

] [19] [20] [21]
Overfull \hbox (7.59216pt too wide) in paragraph at lines 901--902
[][]\OT1/cmr/bx/n/10 Definizione 24 \OT1/cmr/m/n/10 (Somma i Gruppi)\OT1/cmr/bx/n/10 . []\OT1/cmr/m/it/10 Sia $\OT1/cmr/m/n/10 (\OML/cmm/m/it/10 G; \OT1/cmr/m/n/10 +)$ \OT1/cmr/m/it/10 un gruppo abeliano, e sia $\OMS/cmsy/m/n/10 f\OML/cmm/m/it/10 G[]\OMS/cmsy/m/n/10 g[]$
 []

[22] [23]
Overfull \hbox (31.1506pt too wide) detected at line 1003
\OML/cmm/m/it/10 m\OT1/cmr/m/n/10 (\OML/cmm/m/it/10 g[] \OT1/cmr/m/n/10 + \OML/cmm/m/it/10 g[]\OT1/cmr/m/n/10 ) = \OML/cmm/m/it/10 mg[] \OT1/cmr/m/n/10 + \OML/cmm/m/it/10 mg[] \OT1/cmr/m/n/10 = \OML/cmm/m/it/10 a[]m[]g[] \OT1/cmr/m/n/10 + \OML/cmm/m/it/10 a[]m[]g[] \OT1/cmr/m/n/10 = \OML/cmm/m/it/10 a[]\OT1/cmr/m/n/10 (\OML/cmm/m/it/10 m[]g[]\OT1/cmr/m/n/10 ) + \OML/cmm/m/it/10 a[]\OT1/cmr/m/n/10 (\OML/cmm/m/it/10 m[]g[]\OT1/cmr/m/n/10 ) = \OML/cmm/m/it/10 a[]\OT1/cmr/m/n/10 0[] + \OML/cmm/m/it/10 a[]\OT1/cmr/m/n/10 0[] = 0[]
 []

[24] [25]
Chapter 5.

Overfull \hbox (28.33606pt too wide) in paragraph at lines 1084--1085
[][]\OT1/cmr/bx/n/10 Teorema 6 \OT1/cmr/m/n/10 (Teo-rema di Eu-lero)\OT1/cmr/bx/n/10 . []\OT1/cmr/m/it/10 Sia $\OT1/cmr/m/n/10 [\OML/cmm/m/it/10 a\OT1/cmr/m/n/10 ][] \OMS/cmsy/m/n/10 2 \U/msb/m/n/10 Z[]$ \OT1/cmr/m/it/10 un el-e-mento in-vert-ibile ($\OML/cmm/m/it/10 MCD\OT1/cmr/m/n/10 (\OML/cmm/m/it/10 a; n\OT1/cmr/m/n/10 ) =
 []

[26

] [27] [28

]
Chapter 6.
[29

] [30] [31] [32]
Overfull \hbox (31.75003pt too wide) in paragraph at lines 1545--1546
 [] 
 []

[33]
Overfull \hbox (0.11368pt too wide) in paragraph at lines 1597--1598
[]$\OML/cmm/m/it/10 ^^[$ \OT1/cmr/m/n/10 ^^Re il pi^^Ru pic-colo in-sieme con-nesso di $\U/msb/m/n/10 R[]$ \OT1/cmr/m/n/10 con-te-nente i punti $\OMS/cmsy/m/n/10 f\OML/cmm/m/it/10 P[]; P[]; [] ; P[]\OMS/cmsy/m/n/10 g$
 []

[34]
Overfull \hbox (28.4891pt too wide) in paragraph at lines 1755--1756
 [] 
 []


Overfull \hbox (63.65628pt too wide) in paragraph at lines 1834--1835
 [] 
 []

[35]
Overfull \hbox (63.65628pt too wide) in paragraph at lines 1907--1908
 [] 
 []


Underfull \hbox (badness 10000) in paragraph at lines 1931--1932

 []

[36]
Underfull \hbox (badness 10000) in paragraph at lines 2044--2049

 []

[37]
Underfull \hbox (badness 10000) in paragraph at lines 2112--2116

 []

[38] [39]
Chapter 7.

Overfull \hbox (0.70615pt too wide) in paragraph at lines 2213--2214
 []\OT1/cmr/bx/n/10 Esempio 1[] \OT1/cmr/m/n/10 Con-sid-e-ri-amo il sim-p-lesso $\OML/cmm/m/it/10 ^^[ \OT1/cmr/m/n/10 = [\OML/cmm/m/it/10 P[]; P[]; P[]\OT1/cmr/m/n/10 ]$ gen-er-ato da $\OMS/cmsy/m/n/10 f\OML/cmm/m/it/10 P[]; P[]; P[]\OMS/cmsy/m/n/10 g$ 
 []

[40

] [41]
Overfull \hbox (8.0375pt too wide) in paragraph at lines 2384--2385
 []\OT1/cmr/bx/n/10 Osservazione[] \OT1/cmr/m/n/10 In par-ti-co-lare, lo 0-scheletro ^^Re l'insieme dei ver-tici e ogni scheletro 
 []


Overfull \hbox (7.62125pt too wide) in paragraph at lines 2481--2482
 [] 
 []


Overfull \hbox (2.03658pt too wide) in paragraph at lines 2488--2489
[][]\OT1/cmr/bx/n/10 Definizione 37 \OT1/cmr/m/n/10 (Topolo-gia del com-p-lesso)\OT1/cmr/bx/n/10 . []\OT1/cmr/m/it/10 Dato lo spazio sog-gia-cente, la topolo-
 []

[42] [43]
Chapter 8.

Overfull \hbox (26.81429pt too wide) in paragraph at lines 2696--2697
 [] 
 []

[44

]
Overfull \hbox (26.81429pt too wide) in paragraph at lines 2863--2864
 [] 
 []


Overfull \hbox (26.81429pt too wide) in paragraph at lines 3022--3023
 [] 
 []

[45]
Overfull \hbox (6.49579pt too wide) in paragraph at lines 3163--3164
 [] 
 []

[46]
Overfull \hbox (4.1601pt too wide) in paragraph at lines 3299--3300
 []\OT1/cmr/bx/n/10 Utilit^^Ra[] \OT1/cmr/m/n/10 Questa pos-si-bilit^^Ra per-me-tte di di-mostrare che la com-po-sizione di mappe
 []

[47] [48]
Chapter 9.
[49

] [50] [51] [52

]
Chapter 10.

Overfull \hbox (15.55627pt too wide) detected at line 3687
\OML/cmm/m/it/10 C[]\OT1/cmr/m/n/10 (\OML/cmm/m/it/10 K\OT1/cmr/m/n/10 ) := []
 []

[53

]
Underfull \hbox (badness 10000) in paragraph at lines 3720--3722

 []


Overfull \hbox (15.2399pt too wide) in paragraph at lines 3756--3757
\OT1/cmr/m/n/10 Cosa sig-nifica $\OMS/cmsy/m/n/10 ^^@\OML/cmm/m/it/10 ^^[[]$\OT1/cmr/m/n/10 ? Nel nos-tro es-em-pio, $[\OML/cmm/m/it/10 P[]; P[]; P[]\OT1/cmr/m/n/10 ]$ cor-risponde all'esplorare
 []

[54] [55] [56] [57] [58] [59]
Overfull \hbox (4.57185pt too wide) in paragraph at lines 4477--4478
[][]\OT1/cmr/bx/n/10 Definizione 49 \OT1/cmr/m/n/10 (Gruppo dei p--ci-cli)\OT1/cmr/bx/n/10 . []\OT1/cmr/m/it/10 Il nu-cleo dell'operatore bordo $\OML/cmm/m/it/10 @[] \OT1/cmr/m/n/10 : \OML/cmm/m/it/10 C[]\OT1/cmr/m/n/10 (\OML/cmm/m/it/10 K\OT1/cmr/m/n/10 ) \OMS/cmsy/m/n/10 !
 []

[60] [61]
Overfull \hbox (2.8125pt too wide) in paragraph at lines 4687--4688
 [] 
 []

[62]
Overfull \hbox (3.88435pt too wide) detected at line 4766
\OT1/cmr/m/n/10 = []
 []

[63]

Package hyperref Warning: Token not allowed in a PDF string (Unicode):
(hyperref)                removing `math shift' on input line 4918.


Package hyperref Warning: Token not allowed in a PDF string (Unicode):
(hyperref)                removing `subscript' on input line 4918.


Package hyperref Warning: Token not allowed in a PDF string (Unicode):
(hyperref)                removing `math shift' on input line 4918.


Package hyperref Warning: Token not allowed in a PDF string (Unicode):
(hyperref)                removing `math shift' on input line 4934.


Package hyperref Warning: Token not allowed in a PDF string (Unicode):
(hyperref)                removing `subscript' on input line 4934.


Package hyperref Warning: Token not allowed in a PDF string (Unicode):
(hyperref)                removing `math shift' on input line 4934.


Package hyperref Warning: Token not allowed in a PDF string (Unicode):
(hyperref)                removing `math shift' on input line 4951.


Package hyperref Warning: Token not allowed in a PDF string (Unicode):
(hyperref)                removing `subscript' on input line 4951.


Package hyperref Warning: Token not allowed in a PDF string (Unicode):
(hyperref)                removing `math shift' on input line 4951.

[64] [65] [66]
Overfull \hbox (0.3895pt too wide) in paragraph at lines 5065--5067
\OT1/cmr/m/n/10 Ogni 1-simplessso pu^^Ro ap-partenere a una sola com-po-nente con-nessa, quindi
 []


Overfull \hbox (1.98384pt too wide) in paragraph at lines 5088--5089
[][]\OT1/cmr/bx/n/10 Definizione 52 \OT1/cmr/m/n/10 (Aug-men-ta-tion map)\OT1/cmr/bx/n/10 . []\OT1/cmr/m/it/10 Sia $\OML/cmm/m/it/10 K$ \OT1/cmr/m/it/10 un com-p-lesso sim-pli-ciale, definisco
 []

[67] [68]
Chapter 11.
[69

] [70]
Overfull \hbox (30.4056pt too wide) detected at line 5369
[] \OMS/cmsy/m/n/10 ! []
 []

[71]
Overfull \hbox (2.027pt too wide) detected at line 5383
\OT1/cmr/m/n/10 [\OML/cmm/m/it/10 P[] \OT1/cmr/m/n/10 + \OML/cmm/m/it/10 P[] \OT1/cmr/m/n/10 + \OML/cmm/m/it/10 P[] \OT1/cmr/m/n/10 + \OML/cmm/m/it/10 P[]\OT1/cmr/m/n/10 ][] = [\OML/cmm/m/it/10 P[]\OT1/cmr/m/n/10 ][]  =[]\OMS/cmsy/m/n/10 )  [] ' [] ' \U/msb/m/n/10 Z
 []

[72] [73]
Underfull \hbox (badness 10000) in paragraph at lines 5575--5577

 []


Underfull \hbox (badness 10000) in paragraph at lines 5582--5583

 []


Underfull \hbox (badness 10000) in paragraph at lines 5589--5590

 []


Overfull \hbox (76.92006pt too wide) detected at line 5608
\OML/cmm/m/it/10 @[] \OT1/cmr/m/n/10 = []
 []


Underfull \hbox (badness 10000) in paragraph at lines 5608--5609

 []


Underfull \hbox (badness 10000) in paragraph at lines 5611--5612

 []


Overfull \hbox (89.62071pt too wide) detected at line 5626
\OML/cmm/m/it/10 @[] \OT1/cmr/m/n/10 = []
 []

[74]
Overfull \hbox (46.79027pt too wide) detected at line 5631
\OML/cmm/m/it/10 H[]\OT1/cmr/m/n/10 (\OML/cmm/m/it/10 M\OT1/cmr/m/n/10 ) = [] = [] = [] (\OMS/cmsy/m/n/10 ' \U/msb/m/n/10 Z[]\OT1/cmr/m/n/10 )
 []


Overfull \hbox (109.3261pt too wide) detected at line 5658
\OML/cmm/m/it/10 @[] \OT1/cmr/m/n/10 = []
 []


Overfull \hbox (25.08873pt too wide) in paragraph at lines 5851--5852
 [] 
 []

[75]
Overfull \hbox (72.44102pt too wide) detected at line 5868
\OML/cmm/m/it/10 @[] \OT1/cmr/m/n/10 = []
 []


Overfull \hbox (34.85374pt too wide) in paragraph at lines 5948--5949
 [] 
 []


Overfull \hbox (34.85374pt too wide) in paragraph at lines 6017--6018
 [] 
 []


Overfull \hbox (34.85374pt too wide) in paragraph at lines 6085--6086
 [] 
 []


Overfull \hbox (34.85374pt too wide) in paragraph at lines 6160--6161
 [] 
 []

[76]
Overfull \hbox (34.85374pt too wide) in paragraph at lines 6229--6230
 [] 
 []


Overfull \hbox (34.85374pt too wide) in paragraph at lines 6304--6305
 [] 
 []


Overfull \hbox (34.85374pt too wide) in paragraph at lines 6379--6380
 [] 
 []

[77]
Overfull \hbox (34.85374pt too wide) in paragraph at lines 6489--6490
 [] 
 []


Overfull \hbox (34.47874pt too wide) in paragraph at lines 6580--6581
 [] 
 []

[78]
Chapter 12.

Overfull \hbox (3.88219pt too wide) in paragraph at lines 6600--6601
 []\OT1/cmr/bx/n/10 Obiettivo[] \OT1/cmr/m/n/10 Vogliamo rap-p-re-sentare ef-fi-cace-mente questo in-sieme (pos-si-bil-mente
 []

[79

] [80]
Overfull \hbox (12.33131pt too wide) in paragraph at lines 6763--6764
 []\OT1/cmr/bx/n/10 Obiettivo[] \OT1/cmr/m/n/10 Rap-p-re-sentare $[][]$ come spazio topo-logico. Fac-ciamo una costruzione
 []


Underfull \hbox (badness 10000) in paragraph at lines 6923--6926

 []

[81]
Underfull \hbox (badness 10000) in paragraph at lines 7132--7133

 []


Overfull \hbox (5.38129pt too wide) detected at line 7141
[]
 []


Overfull \hbox (55.0138pt too wide) detected at line 7169
\OML/cmm/m/it/10 @[] \OT1/cmr/m/n/10 = []
 []

[82]
Overfull \hbox (43.3151pt too wide) detected at line 7185
\OML/cmm/m/it/10 @[] \OT1/cmr/m/n/10 = []
 []


Overfull \hbox (69.18051pt too wide) detected at line 7233
\OML/cmm/m/it/10 @[] \OT1/cmr/m/n/10 = []
 []

[83] [84]
Overfull \hbox (43.3151pt too wide) detected at line 8143
\OML/cmm/m/it/10 @[] \OT1/cmr/m/n/10 = []
 []

[85] [86]
Underfull \hbox (badness 10000) in paragraph at lines 9726--9729

 []

[87]
Chapter 13.

Overfull \hbox (2.81734pt too wide) detected at line 9795
\OML/cmm/m/it/10 C[]\OT1/cmr/m/n/10 (\OML/cmm/m/it/10 K; G\OT1/cmr/m/n/10 ) := []
 []


Package hyperref Warning: Token not allowed in a PDF string (Unicode):
(hyperref)                removing `math shift' on input line 9808.


Package hyperref Warning: Token not allowed in a PDF string (Unicode):
(hyperref)                removing `subscript' on input line 9808.


Package hyperref Warning: Token not allowed in a PDF string (Unicode):
(hyperref)                removing `math shift' on input line 9808.

[88

]

Package hyperref Warning: Token not allowed in a PDF string (Unicode):
(hyperref)                removing `math shift' on input line 9830.


Package hyperref Warning: Token not allowed in a PDF string (Unicode):
(hyperref)                removing `math shift' on input line 9830.


Package hyperref Warning: Token not allowed in a PDF string (Unicode):
(hyperref)                removing `math shift' on input line 9840.


Package hyperref Warning: Token not allowed in a PDF string (Unicode):
(hyperref)                removing `subscript' on input line 9840.


Package hyperref Warning: Token not allowed in a PDF string (Unicode):
(hyperref)                removing `math shift' on input line 9840.

[89]
Overfull \hbox (6.0279pt too wide) detected at line 9907
\OT1/cmr/m/n/10 [\OML/cmm/m/it/10 @[]\OT1/cmr/m/n/10 ][] = []
 []


Overfull \hbox (29.20992pt too wide) detected at line 9915
\OML/cmm/m/it/10 Z[] \OT1/cmr/m/n/10 = (\OML/cmm/m/it/10 K[]; \U/msb/m/n/10 Z[]\OT1/cmr/m/n/10 ) = (\OML/cmm/m/it/10 Z[]\OT1/cmr/m/n/10 (\OML/cmm/m/it/10 K[]; \U/msb/m/n/10 Z[]\OT1/cmr/m/n/10 ) \OMS/cmsy/m/n/10 \ \OML/cmm/m/it/10 B[]\OT1/cmr/m/n/10 (\OML/cmm/m/it/10 K[]; \U/msb/m/n/10 Z[]\OT1/cmr/m/n/10 )) \OMS/cmsy/m/n/10 ^^H \U/msb/m/n/10 Z[] []
 []

[90]
Overfull \hbox (61.1766pt too wide) detected at line 9943
\OML/cmm/m/it/10 H[]\OT1/cmr/m/n/10 (\OML/cmm/m/it/10 K[]; \U/msb/m/n/10 Z[]\OT1/cmr/m/n/10 ) = [] \OMS/cmsy/m/n/10 ^^H [] \OT1/cmr/m/n/10 =
 []

[91]
Chapter 14.

Overfull \hbox (6.83397pt too wide) in paragraph at lines 9962--9963
\OT1/cmr/m/n/10 Siamo ora in-ter-es-sati a cal-co-lare i gruppi di omolo-gia del sim-p-lesso n-dimensionale,
 []


Underfull \hbox (badness 10000) in paragraph at lines 9963--9966

 []


Underfull \hbox (badness 10000) in paragraph at lines 9963--9966

 []

[92

] [93]
Overfull \hbox (8.00061pt too wide) in paragraph at lines 10092--10094
\OT1/cmr/m/n/10 Iterando il pro-cesso pos-si-amo vedere come ot-te-ni-amo com-p-lessi sim-pli-ciali generati
 []


Overfull \hbox (42.30197pt too wide) detected at line 10130
\OML/cmm/m/it/10 P[] \OMS/cmsy/m/n/10 ^^C \OML/cmm/m/it/10 K \OT1/cmr/m/n/10 = \OMS/cmsy/m/n/10 f\OT1/cmr/m/n/10 [\OML/cmm/m/it/10 P[]; P[]; P[]\OT1/cmr/m/n/10 ]\OML/cmm/m/it/10 ; \OT1/cmr/m/n/10 [\OML/cmm/m/it/10 P[]; P[]; P[]\OT1/cmr/m/n/10 ]\OML/cmm/m/it/10 ; \OT1/cmr/m/n/10 [\OML/cmm/m/it/10 P[]; P[]; P[]\OT1/cmr/m/n/10 ]\OML/cmm/m/it/10 ; \OT1/cmr/m/n/10 [\OML/cmm/m/it/10 P[]; P[]\OT1/cmr/m/n/10 ]\OML/cmm/m/it/10 ; \OT1/cmr/m/n/10 [\OML/cmm/m/it/10 P[]; P[]\OT1/cmr/m/n/10 ]\OML/cmm/m/it/10 ; \OT1/cmr/m/n/10 [\OML/cmm/m/it/10 P[]; P[]\OT1/cmr/m/n/10 ]\OML/cmm/m/it/10 ; \OT1/cmr/m/n/10 [\OML/cmm/m/it/10 P[]; P[]\OT1/cmr/m/n/10 ]\OMS/cmsy/m/n/10 g [ \OML/cmm/m/it/10 K \OMS/cmsy/m/n/10 [ f\OML/cmm/m/it/10 P[]\OMS/cmsy/m/n/10 g
 []

[94]
Overfull \hbox (9.04794pt too wide) in paragraph at lines 10270--10270
[]\OT1/cmr/bx/n/14.4 Omomorfismo delle p-catene e delle p-catene
 []

[95]

LaTeX Warning: Command \i invalid in math mode on input line 10366.

[96] [97]
Chapter 15.
[98

] [99] [100] [101]
Chapter 16.

Overfull \hbox (25.9448pt too wide) in paragraph at lines 10730--10731
 []\OT1/cmr/bx/n/10 Domanda[] \OT1/cmr/m/n/10 Cosa posso dire dell'effetto di una mappa sim-pli-ciale rispetto all'omologia
 []


Overfull \hbox (0.76767pt too wide) detected at line 10750
\OT1/cmr/m/n/10 (\OML/cmm/m/it/10 f[]\OT1/cmr/m/n/10 )[](\OMS/cmsy/m/n/10 ^^@\OT1/cmr/m/n/10 [\OML/cmm/m/it/10 P[]; P[]; [] ; P[]\OT1/cmr/m/n/10 ]) = (\OML/cmm/m/it/10 f[]\OT1/cmr/m/n/10 )[]([\OML/cmm/m/it/10 P[]; P[]; [] ; P[]\OT1/cmr/m/n/10 ]) = [\OML/cmm/m/it/10 f\OT1/cmr/m/n/10 (\OML/cmm/m/it/10 P[]\OT1/cmr/m/n/10 )\OML/cmm/m/it/10 ; f\OT1/cmr/m/n/10 (\OML/cmm/m/it/10 P[]\OT1/cmr/m/n/10 )\OML/cmm/m/it/10 ; [] ; f\OT1/cmr/m/n/10 (\OML/cmm/m/it/10 P[]\OT1/cmr/m/n/10 )] =
 []


Overfull \hbox (34.14166pt too wide) in paragraph at lines 10863--10864
 [] 
 []

[102

] [103]
Underfull \hbox (badness 10000) in paragraph at lines 10956--10958

 []


Overfull \hbox (38.12836pt too wide) detected at line 10969
\OT1/cmr/m/n/10 = [](\OMS/cmsy/m/n/10 ^^@\OT1/cmr/m/n/10 1)[][\OML/cmm/m/it/10 f\OT1/cmr/m/n/10 (\OML/cmm/m/it/10 P[]\OT1/cmr/m/n/10 )\OML/cmm/m/it/10 ; [] ; []; [] ; f\OT1/cmr/m/n/10 (\OML/cmm/m/it/10 P[]\OT1/cmr/m/n/10 )] = [](\OMS/cmsy/m/n/10 ^^@\OT1/cmr/m/n/10 1)[](\OML/cmm/m/it/10 f[]\OT1/cmr/m/n/10 )[]([\OML/cmm/m/it/10 P[]; [] ; []; [] ; P[]\OT1/cmr/m/n/10 ]) =
 []


Overfull \hbox (8.70744pt too wide) detected at line 10993
[] \OT1/cmr/m/n/10 ([\OML/cmm/m/it/10 P[]; [] ; P[]\OT1/cmr/m/n/10 ]) = (\OML/cmm/m/it/10 f[]\OT1/cmr/m/n/10 )[] [] =
 []

[104] [105] (./latex.aux)
Package rerunfilecheck Info: File `latex.out' has not changed.
(rerunfilecheck)             Checksum: 055CB628BBA57CAA993E3FDA6B1906D1;11528.
 ) 
Here is how much of TeX's memory you used:
 29271 strings out of 478268
 560888 string characters out of 5846347
 880531 words of memory out of 5000000
 46562 multiletter control sequences out of 15000+600000
 486994 words of font info for 94 fonts, out of 8000000 for 9000
 1141 hyphenation exceptions out of 8191
 100i,20n,104p,786b,1172s stack positions out of 10000i,1000n,20000p,200000b,200000s
{/usr/local/texlive/2022/texmf-dist/fonts/enc/dvips/cm-super/cm-super-ts1.enc}</usr/local/texlive/2022/texmf-dist/fonts/type1/public/amsfonts/cm/cmbx10.pfb></usr/local/texlive/2022/texmf-dist/fonts/type1/public/amsfonts/cm/cmbx12.pfb></usr/local/texlive/2022/texmf-dist/fonts/type1/public/amsfonts/cm/cmbx5.pfb></usr/local/texlive/2022/texmf-dist/fonts/type1/public/amsfonts/cm/cmbx7.pfb></usr/local/texlive/2022/texmf-dist/fonts/type1/public/amsfonts/cm/cmbxti10.pfb></usr/local/texlive/2022/texmf-dist/fonts/type1/public/amsfonts/cm/cmex10.pfb></usr/local/texlive/2022/texmf-dist/fonts/type1/public/amsfonts/cm/cmmi10.pfb></usr/local/texlive/2022/texmf-dist/fonts/type1/public/amsfonts/cm/cmmi12.pfb></usr/local/texlive/2022/texmf-dist/fonts/type1/public/amsfonts/cm/cmmi5.pfb></usr/local/texlive/2022/texmf-dist/fonts/type1/public/amsfonts/cm/cmmi7.pfb></usr/local/texlive/2022/texmf-dist/fonts/type1/public/amsfonts/cm/cmr10.pfb></usr/local/texlive/2022/texmf-dist/fonts/type1/public/amsfonts/cm/cmr12.pfb></usr/local/texlive/2022/texmf-dist/fonts/type1/public/amsfonts/cm/cmr5.pfb></usr/local/texlive/2022/texmf-dist/fonts/type1/public/amsfonts/cm/cmr7.pfb></usr/local/texlive/2022/texmf-dist/fonts/type1/public/amsfonts/cm/cmr8.pfb></usr/local/texlive/2022/texmf-dist/fonts/type1/public/amsfonts/cm/cmsy10.pfb></usr/local/texlive/2022/texmf-dist/fonts/type1/public/amsfonts/cm/cmsy5.pfb></usr/local/texlive/2022/texmf-dist/fonts/type1/public/amsfonts/cm/cmsy7.pfb></usr/local/texlive/2022/texmf-dist/fonts/type1/public/amsfonts/cm/cmti10.pfb></usr/local/texlive/2022/texmf-dist/fonts/type1/public/amsfonts/cm/cmti12.pfb></usr/local/texlive/2022/texmf-dist/fonts/type1/public/amsfonts/cm/cmti7.pfb></usr/local/texlive/2022/texmf-dist/fonts/type1/public/amsfonts/latxfont/line10.pfb></usr/local/texlive/2022/texmf-dist/fonts/type1/public/amsfonts/symbols/msam10.pfb></usr/local/texlive/2022/texmf-dist/fonts/type1/public/amsfonts/symbols/msbm10.pfb></usr/local/texlive/2022/texmf-dist/fonts/type1/public/amsfonts/symbols/msbm7.pfb></usr/local/texlive/2022/texmf-dist/fonts/type1/public/cm-super/sfrm1000.pfb>
Output written on latex.pdf (106 pages, 636082 bytes).
PDF statistics:
 1327 PDF objects out of 1440 (max. 8388607)
 1155 compressed objects within 12 object streams
 428 named destinations out of 1000 (max. 500000)
 525 words of extra memory for PDF output out of 10000 (max. 10000000)

